# JRE version: OpenJDK Runtime Environment (11.0.11+9) (build 11.0.11+9-b60-7590822)
# Java VM: OpenJDK 64-Bit Server VM (11.0.11+9-b60-7590822, mixed mode, tiered, compressed oops, g1 gc, windows-amd64)
Heap:
 garbage-first heap   total 260096K, used 36243K [0x0000000080000000, 0x0000000100000000)
  region size 1024K, 11 young (11264K), 10 survivors (10240K)
 Metaspace       used 35063K, capacity 36054K, committed 36296K, reserved 1081344K
  class space    used 4586K, capacity 4956K, committed 4992K, reserved 1048576K
GC Heap History (7 events):
Event: 0.657 GC heap before
{Heap before GC invocations=0 (full 0):
 garbage-first heap   total 260096K, used 29696K [0x0000000080000000, 0x0000000100000000)
  region size 1024K, 24 young (24576K), 0 survivors (0K)
 Metaspace       used 9848K, capacity 10050K, committed 10112K, reserved 1058816K
  class space    used 1028K, capacity 1102K, committed 1152K, reserved 1048576K
}
Event: 0.671 GC heap after
{Heap after GC invocations=1 (full 0):
 garbage-first heap   total 260096K, used 9021K [0x0000000080000000, 0x0000000100000000)
  region size 1024K, 3 young (3072K), 3 survivors (3072K)
 Metaspace       used 9848K, capacity 10050K, committed 10112K, reserved 1058816K
  class space    used 1028K, capacity 1102K, committed 1152K, reserved 1048576K
}
Event: 3.175 GC heap before
{Heap before GC invocations=1 (full 0):
 garbage-first heap   total 260096K, used 107325K [0x0000000080000000, 0x0000000100000000)
  region size 1024K, 100 young (102400K), 3 survivors (3072K)
 Metaspace       used 20686K, capacity 21176K, committed 21296K, reserved 1069056K
  class space    used 2528K, capacity 2674K, committed 2688K, reserved 1048576K
}
Event: 3.184 GC heap after
{Heap after GC invocations=2 (full 0):
 garbage-first heap   total 260096K, used 17067K [0x0000000080000000, 0x0000000100000000)
  region size 1024K, 11 young (11264K), 11 survivors (11264K)
 Metaspace       used 20686K, capacity 21176K, committed 21296K, reserved 1069056K
  class space    used 2528K, capacity 2674K, committed 2688K, reserved 1048576K
}
Event: 3.959 GC heap before
{Heap before GC invocations=3 (full 0):
 garbage-first heap   total 260096K, used 90795K [0x0000000080000000, 0x0000000100000000)
  region size 1024K, 75 young (76800K), 11 survivors (11264K)
 Metaspace       used 27061K, capacity 27864K, committed 28080K, reserved 1073152K
  class space    used 3552K, capacity 3819K, committed 3840K, reserved 1048576K
}
Event: 3.968 GC heap after
{Heap after GC invocations=4 (full 0):
 garbage-first heap   total 260096K, used 33141K [0x0000000080000000, 0x0000000100000000)
  region size 1024K, 7 young (7168K), 7 survivors (7168K)
 Metaspace       used 27061K, capacity 27864K, committed 28080K, reserved 1073152K
  class space    used 3552K, capacity 3819K, committed 3840K, reserved 1048576K
}
Event: 4.622 GC heap before
{Heap before GC invocations=4 (full 0):
 garbage-first heap   total 260096K, used 92533K [0x0000000080000000, 0x0000000100000000)
  region size 1024K, 66 young (67584K), 7 survivors (7168K)
 Metaspace       used 34517K, capacity 35475K, committed 35632K, reserved 1079296K
  class space    used 4536K, capacity 4890K, committed 4992K, reserved 1048576K
}

